<?xml version="1.0" encoding="UTF-8"?>
<testng-results ignored="0" total="1" passed="1" failed="0" skipped="0">
  <reporter-output>
  </reporter-output>
  <suite started-at="2023-02-23T13:27:40 IST" name="Default suite" finished-at="2023-02-23T13:27:50 IST" duration-ms="9567">
    <groups>
    </groups>
    <test started-at="2023-02-23T13:27:40 IST" name="Default test" finished-at="2023-02-23T13:27:50 IST" duration-ms="9567">
      <class name="apachemaven.test">
        <test-method signature="Test()[pri:0, instance:apachemaven.test@3527942a]" started-at="2023-02-23T13:27:40 IST" name="Test" finished-at="2023-02-23T13:27:50 IST" duration-ms="9352" status="PASS">
          <reporter-output>
          </reporter-output>
        </test-method> <!-- Test -->
      </class> <!-- apachemaven.test -->
    </test> <!-- Default test -->
  </suite> <!-- Default suite -->
</testng-results>
